TN:
SF:src/app/app.ts
FNF:0
FNH:0
DA:11,1
DA:12,2
LF:2
LH:2
BRF:0
BRH:0
end_of_record
TN:
SF:src/app/auth/guards/auth-guard.ts
FN:4,(anonymous_0)
FNF:1
FNH:1
FNDA:2,(anonymous_0)
DA:4,1
DA:6,2
DA:8,2
DA:10,2
DA:11,1
DA:13,1
DA:14,1
LF:7
LH:7
BRDA:8,0,0,2
BRDA:8,0,1,1
BRDA:10,1,0,1
BRDA:10,1,1,1
BRF:4
BRH:4
end_of_record
TN:
SF:src/app/auth/pages/create-account/create-account.ts
FN:42,(anonymous_0)
FN:84,(anonymous_1)
FN:88,(anonymous_2)
FN:93,(anonymous_3)
FNF:4
FNH:4
FNDA:8,(anonymous_0)
FNDA:2,(anonymous_1)
FNDA:1,(anonymous_2)
FNDA:2,(anonymous_3)
DA:21,1
DA:24,8
DA:25,8
DA:26,8
DA:27,8
DA:29,8
DA:33,8
DA:43,8
DA:45,8
DA:46,1
DA:47,1
DA:50,7
DA:51,1
DA:52,1
DA:55,6
DA:56,1
DA:57,1
DA:60,5
DA:61,1
DA:62,1
DA:66,4
DA:67,1
DA:68,1
DA:71,3
DA:72,3
DA:75,3
DA:83,3
DA:85,2
DA:86,2
DA:89,1
DA:90,1
DA:91,1
DA:93,2
LF:33
LH:33
BRDA:45,0,0,1
BRDA:45,1,0,8
BRDA:45,1,1,7
BRDA:50,2,0,1
BRDA:50,3,0,7
BRDA:50,3,1,7
BRDA:55,4,0,1
BRDA:55,5,0,6
BRDA:55,5,1,6
BRDA:60,6,0,1
BRDA:60,7,0,5
BRDA:60,7,1,4
BRDA:66,8,0,1
BRDA:90,9,0,1
BRDA:90,9,1,0
BRF:15
BRH:14
end_of_record
TN:
SF:src/app/auth/pages/login/login.ts
FN:36,(anonymous_0)
FN:46,(anonymous_1)
FN:54,(anonymous_2)
FNF:3
FNH:3
FNDA:4,(anonymous_0)
FNDA:2,(anonymous_1)
FNDA:1,(anonymous_2)
DA:20,1
DA:22,9
DA:23,9
DA:24,9
DA:25,9
DA:29,9
DA:37,4
DA:38,4
DA:39,1
DA:42,3
DA:43,3
DA:45,3
DA:47,2
DA:49,2
DA:51,2
DA:55,1
DA:56,1
LF:17
LH:17
BRDA:38,0,0,1
BRF:1
BRH:1
end_of_record
TN:
SF:src/app/auth/pages/recovery-password/recovery-password.ts
FN:33,(anonymous_0)
FN:37,(anonymous_1)
FN:44,(anonymous_2)
FNF:3
FNH:3
FNDA:2,(anonymous_0)
FNDA:1,(anonymous_1)
FNDA:1,(anonymous_2)
DA:22,1
DA:24,7
DA:25,7
DA:26,7
DA:28,7
DA:34,2
DA:36,2
DA:38,1
DA:39,1
DA:41,1
DA:45,1
DA:46,1
DA:48,1
LF:13
LH:13
BRF:0
BRH:0
end_of_record
TN:
SF:src/app/auth/services/auth-api.ts
FN:15,(anonymous_0)
FN:20,(anonymous_1)
FN:25,(anonymous_2)
FNF:3
FNH:3
FNDA:1,(anonymous_0)
FNDA:1,(anonymous_1)
FNDA:1,(anonymous_2)
DA:9,1
DA:11,4
DA:13,4
DA:16,1
DA:21,1
DA:26,1
LF:6
LH:6
BRF:0
BRH:0
end_of_record
TN:
SF:src/app/dashboard/components/modals/gestion-lab/gestion-lab.ts
FN:34,(anonymous_0)
FN:49,(anonymous_1)
FN:53,(anonymous_2)
FN:59,(anonymous_3)
FN:66,(anonymous_4)
FN:72,(anonymous_5)
FN:76,(anonymous_6)
FN:84,(anonymous_7)
FNF:8
FNH:8
FNDA:18,(anonymous_0)
FNDA:3,(anonymous_1)
FNDA:1,(anonymous_2)
FNDA:1,(anonymous_3)
FNDA:3,(anonymous_4)
FNDA:1,(anonymous_5)
FNDA:1,(anonymous_6)
FNDA:11,(anonymous_7)
DA:21,1
DA:23,21
DA:24,21
DA:26,21
DA:28,21
DA:29,21
DA:30,21
DA:31,21
DA:35,18
DA:36,18
DA:40,21
DA:50,3
DA:51,2
DA:52,2
DA:54,1
DA:55,1
DA:56,1
DA:60,1
DA:67,3
DA:68,2
DA:69,2
DA:71,2
DA:73,1
DA:74,1
DA:86,11
DA:87,11
DA:88,1
DA:89,1
DA:91,10
DA:92,1
DA:93,1
DA:95,9
DA:96,1
DA:97,1
DA:99,8
DA:100,1
DA:101,1
DA:103,7
DA:104,1
DA:105,1
DA:109,6
DA:111,3
DA:116,3
LF:43
LH:43
BRDA:35,0,0,6
BRDA:35,0,1,12
BRDA:36,1,0,6
BRDA:36,1,1,12
BRDA:41,2,0,21
BRDA:41,2,1,15
BRDA:42,3,0,21
BRDA:42,3,1,15
BRDA:43,4,0,21
BRDA:43,4,1,15
BRDA:44,5,0,21
BRDA:44,5,1,15
BRDA:45,6,0,21
BRDA:45,6,1,15
BRDA:50,7,0,2
BRDA:67,8,0,2
BRDA:87,9,0,1
BRDA:91,10,0,1
BRDA:95,11,0,1
BRDA:99,12,0,1
BRDA:103,13,0,1
BRDA:109,14,0,3
BRDA:109,14,1,3
BRF:23
BRH:23
end_of_record
TN:
SF:src/app/dashboard/components/modals/gestion-result/gestion-result.ts
FN:46,(anonymous_0)
FN:57,(anonymous_1)
FN:82,(anonymous_2)
FN:84,(anonymous_3)
FN:86,(anonymous_4)
FN:90,(anonymous_5)
FN:99,(anonymous_6)
FN:129,(anonymous_7)
FN:142,(anonymous_8)
FN:147,(anonymous_9)
FN:156,(anonymous_10)
FN:172,(anonymous_11)
FN:176,(anonymous_12)
FNF:13
FNH:13
FNDA:22,(anonymous_0)
FNDA:9,(anonymous_1)
FNDA:23,(anonymous_2)
FNDA:22,(anonymous_3)
FNDA:22,(anonymous_4)
FNDA:1,(anonymous_5)
FNDA:9,(anonymous_6)
FNDA:2,(anonymous_7)
FNDA:1,(anonymous_8)
FNDA:1,(anonymous_9)
FNDA:2,(anonymous_10)
FNDA:1,(anonymous_11)
FNDA:1,(anonymous_12)
DA:28,1
DA:30,22
DA:31,22
DA:34,22
DA:37,22
DA:38,22
DA:39,22
DA:40,22
DA:43,22
DA:47,22
DA:48,22
DA:49,22
DA:51,22
DA:52,9
DA:58,9
DA:60,9
DA:61,9
DA:63,9
DA:73,22
DA:83,23
DA:86,22
DA:87,22
DA:88,22
DA:91,1
DA:100,9
DA:102,9
DA:103,3
DA:104,3
DA:106,6
DA:107,1
DA:108,1
DA:110,5
DA:111,1
DA:112,1
DA:116,4
DA:118,2
DA:123,2
DA:130,2
DA:132,2
DA:134,2
DA:141,2
DA:143,1
DA:144,1
DA:145,1
DA:148,1
DA:157,2
DA:159,2
DA:161,2
DA:169,2
DA:171,2
DA:173,1
DA:174,1
DA:177,1
LF:53
LH:53
BRDA:47,0,0,9
BRDA:47,0,1,13
BRDA:48,1,0,9
BRDA:48,1,1,13
BRDA:51,2,0,9
BRDA:102,3,0,3
BRDA:106,4,0,1
BRDA:110,5,0,1
BRDA:116,6,0,2
BRDA:116,6,1,2
BRDA:130,7,0,2
BRDA:157,8,0,2
BRF:12
BRH:12
end_of_record
TN:
SF:src/app/dashboard/components/navbar/navbar.ts
FN:24,(anonymous_0)
FNF:1
FNH:1
FNDA:3,(anonymous_0)
DA:18,1
DA:20,5
DA:21,5
DA:26,3
DA:33,3
DA:35,1
DA:37,1
DA:43,1
LF:8
LH:8
BRDA:33,0,0,1
BRF:1
BRH:1
end_of_record
TN:
SF:src/app/dashboard/components/sidebar/sidebar.ts
FN:22,(anonymous_0)
FN:25,(anonymous_1)
FNF:2
FNH:2
FNDA:3,(anonymous_0)
FNDA:2,(anonymous_1)
DA:15,1
DA:17,4
DA:18,4
DA:19,4
DA:22,4
DA:26,2
DA:27,2
LF:7
LH:7
BRF:0
BRH:0
end_of_record
TN:
SF:src/app/dashboard/layout/dashboard-layout/dashboard-layout.ts
FNF:0
FNH:0
DA:15,1
LF:1
LH:1
BRF:0
BRH:0
end_of_record
TN:
SF:src/app/dashboard/pages/home/home.ts
FN:32,(anonymous_0)
FN:36,(anonymous_1)
FN:48,(anonymous_2)
FN:65,(anonymous_3)
FNF:4
FNH:4
FNDA:5,(anonymous_0)
FNDA:4,(anonymous_1)
FNDA:9,(anonymous_2)
FNDA:1,(anonymous_3)
DA:19,1
DA:21,9
DA:22,9
DA:23,9
DA:24,9
DA:25,9
DA:27,9
DA:28,9
DA:29,9
DA:33,5
DA:35,5
DA:36,5
DA:38,5
DA:40,5
DA:41,0
DA:43,5
DA:49,9
DA:50,9
DA:51,9
DA:54,9
DA:55,9
DA:56,1
DA:57,8
DA:58,4
DA:60,4
DA:66,1
LF:26
LH:25
BRDA:38,0,0,5
BRDA:38,0,1,5
BRDA:40,1,0,0
BRDA:40,1,1,5
BRDA:41,2,0,0
BRDA:41,2,1,0
BRDA:55,3,0,1
BRDA:55,3,1,8
BRDA:57,4,0,4
BRDA:57,4,1,4
BRF:10
BRH:7
end_of_record
TN:
SF:src/app/dashboard/pages/laboratorios/laboratorios.ts
FN:38,(anonymous_0)
FN:43,(anonymous_1)
FN:45,(anonymous_2)
FN:46,(anonymous_3)
FN:50,(anonymous_4)
FN:57,(anonymous_5)
FN:67,(anonymous_6)
FN:77,(anonymous_7)
FN:89,(anonymous_8)
FN:93,(anonymous_9)
FNF:10
FNH:9
FNDA:15,(anonymous_0)
FNDA:16,(anonymous_1)
FNDA:15,(anonymous_2)
FNDA:30,(anonymous_3)
FNDA:1,(anonymous_4)
FNDA:5,(anonymous_5)
FNDA:0,(anonymous_6)
FNDA:5,(anonymous_7)
FNDA:1,(anonymous_8)
FNDA:2,(anonymous_9)
DA:25,1
DA:29,13
DA:30,13
DA:31,13
DA:33,13
DA:34,13
DA:35,13
DA:39,15
DA:44,16
DA:46,30
DA:47,15
DA:48,15
DA:51,1
DA:58,5
DA:68,0
DA:69,0
DA:78,5
DA:80,4
DA:87,4
DA:88,3
DA:90,1
DA:91,1
DA:94,2
DA:95,2
LF:24
LH:22
BRDA:57,0,0,4
BRDA:57,1,0,4
BRDA:68,2,0,0
BRDA:78,3,0,1
BRDA:87,4,0,3
BRF:5
BRH:4
end_of_record
TN:
SF:src/app/dashboard/pages/profile/profile.ts
FN:42,(anonymous_0)
FN:56,(anonymous_1)
FN:58,(anonymous_2)
FN:65,(anonymous_3)
FN:72,(anonymous_4)
FN:74,(anonymous_5)
FN:81,(anonymous_6)
FNF:7
FNH:7
FNDA:2,(anonymous_0)
FNDA:2,(anonymous_1)
FNDA:1,(anonymous_2)
FNDA:1,(anonymous_3)
FNDA:3,(anonymous_4)
FNDA:1,(anonymous_5)
FNDA:2,(anonymous_6)
DA:23,1
DA:25,8
DA:26,8
DA:27,8
DA:28,8
DA:30,8
DA:34,8
DA:43,2
DA:45,2
DA:46,1
DA:47,1
DA:51,2
DA:57,2
DA:59,1
DA:60,1
DA:61,1
DA:62,1
DA:63,1
DA:66,1
DA:73,3
DA:75,1
DA:76,1
DA:77,1
DA:78,1
DA:79,1
DA:82,2
DA:83,2
DA:85,1
DA:86,1
LF:29
LH:29
BRDA:43,0,0,2
BRDA:43,0,1,1
BRDA:45,1,0,1
BRDA:83,2,0,1
BRDA:86,3,0,1
BRDA:86,3,1,0
BRF:6
BRH:5
end_of_record
TN:
SF:src/app/dashboard/pages/resultados/resultados.ts
FN:39,(anonymous_0)
FN:44,(anonymous_1)
FN:54,(anonymous_2)
FN:62,(anonymous_3)
FN:64,(anonymous_4)
FN:66,(anonymous_5)
FN:73,(anonymous_6)
FN:79,(anonymous_7)
FN:88,(anonymous_8)
FN:98,(anonymous_9)
FN:102,(anonymous_10)
FNF:11
FNH:10
FNDA:13,(anonymous_0)
FNDA:5,(anonymous_1)
FNDA:0,(anonymous_2)
FNDA:14,(anonymous_3)
FNDA:13,(anonymous_4)
FNDA:39,(anonymous_5)
FNDA:26,(anonymous_6)
FNDA:1,(anonymous_7)
FNDA:3,(anonymous_8)
FNDA:1,(anonymous_9)
FNDA:1,(anonymous_10)
DA:25,1
DA:29,11
DA:30,11
DA:31,11
DA:33,11
DA:34,11
DA:35,11
DA:40,13
DA:45,5
DA:55,0
DA:56,0
DA:63,14
DA:65,13
DA:66,39
DA:73,26
DA:75,13
DA:76,13
DA:80,1
DA:89,3
DA:96,3
DA:97,2
DA:99,1
DA:100,1
DA:103,1
LF:24
LH:22
BRDA:44,0,0,4
BRDA:44,1,0,4
BRDA:55,2,0,0
BRDA:73,3,0,26
BRDA:73,3,1,0
BRDA:73,4,0,26
BRDA:73,4,1,0
BRDA:96,5,0,2
BRF:8
BRH:5
end_of_record
TN:
SF:src/app/dashboard/pages/usuarios/usuarios.ts
FNF:0
FNH:0
DA:8,1
LF:1
LH:1
BRF:0
BRH:0
end_of_record
TN:
SF:src/app/dashboard/services/api-laboratorio/api-laboratorio.ts
FN:14,(anonymous_0)
FN:19,(anonymous_1)
FN:24,(anonymous_2)
FN:29,(anonymous_3)
FN:34,(anonymous_4)
FN:39,(anonymous_5)
FN:44,(anonymous_6)
FN:48,(anonymous_7)
FNF:8
FNH:8
FNDA:1,(anonymous_0)
FNDA:1,(anonymous_1)
FNDA:1,(anonymous_2)
FNDA:1,(anonymous_3)
FNDA:1,(anonymous_4)
FNDA:1,(anonymous_5)
FNDA:1,(anonymous_6)
FNDA:1,(anonymous_7)
DA:8,1
DA:10,9
DA:11,9
DA:15,1
DA:20,1
DA:25,1
DA:30,1
DA:35,1
DA:40,1
DA:45,1
DA:49,1
LF:11
LH:11
BRF:0
BRH:0
end_of_record
TN:
SF:src/app/dashboard/services/api-user/user-api.ts
FN:15,(anonymous_0)
FNF:1
FNH:1
FNDA:2,(anonymous_0)
DA:8,1
DA:10,3
DA:12,3
DA:16,2
LF:4
LH:4
BRF:0
BRH:0
end_of_record
TN:
SF:src/app/dashboard/services/sidebar-menu/sidebar-menu.ts
FNF:0
FNH:0
DA:7,1
DA:9,2
LF:2
LH:2
BRF:0
BRH:0
end_of_record
TN:
SF:src/app/dashboard/services/user-storage/user-storage.ts
FN:11,(anonymous_0)
FN:13,(anonymous_1)
FN:18,(anonymous_2)
FNF:3
FNH:3
FNDA:3,(anonymous_0)
FNDA:6,(anonymous_1)
FNDA:6,(anonymous_2)
DA:7,1
DA:9,6
DA:11,6
DA:14,6
DA:19,6
DA:21,6
LF:6
LH:6
BRDA:21,0,0,3
BRF:1
BRH:1
end_of_record
TN:
SF:src/app/shared/services/alert-service.ts
FN:9,(anonymous_0)
FN:18,(anonymous_1)
FN:34,(anonymous_2)
FNF:3
FNH:3
FNDA:1,(anonymous_0)
FNDA:5,(anonymous_1)
FNDA:3,(anonymous_2)
DA:7,1
DA:10,1
DA:24,5
DA:35,3
LF:4
LH:4
BRDA:19,0,0,4
BRDA:20,1,0,4
BRDA:21,2,0,4
BRDA:22,3,0,4
BRF:4
BRH:4
end_of_record
TN:
SF:src/app/shared/utils/validations/passwordValidation.ts
FN:4,passwordValidation
FN:5,(anonymous_1)
FNF:2
FNH:2
FNDA:8,passwordValidation
FNDA:16,(anonymous_1)
DA:5,8
DA:6,16
DA:7,16
DA:10,16
DA:11,9
DA:13,7
LF:6
LH:6
BRDA:10,0,0,9
BRDA:10,1,0,16
BRDA:10,1,1,8
BRDA:13,2,0,6
BRDA:13,2,1,1
BRF:5
BRH:5
end_of_record
TN:
SF:src/app/shared/utils/validations/regex.validation.ts
FNF:0
FNH:0
DA:2,1
LF:1
LH:1
BRF:0
BRH:0
end_of_record
